C:\Program Files\Microsoft Visual Studio\2022\Community\MSBuild\Microsoft\VC\v170\Microsoft.CppBuild.targets(517,5): warning MSB8028: 중간 디렉터리(Release\)에 다른 프로젝트(StackQueueChar.vcxproj)에서 공유하는 파일이 포함되어 있습니다.  이로 인해 잘못된 정리 및 다시 빌드 동작이 수행될 수 있습니다.
  코드를 생성하고 있습니다.
  0 of 1294 functions ( 0.0%) were compiled, the rest were copied from previous compilation.
    0 functions were new in current compilation
    0 functions had inline decision re-evaluated but remain unchanged
  코드를 생성했습니다.
ConsoleEngineRelease.lib(Components.obj) : warning LNK4099: '' PDB를 'ConsoleEngineRelease.lib(Components.obj)' 또는 ''에서 찾을 수 없습니다. 디버그 정보가 없는 것처럼 개체를 링크합니다.
ConsoleEngineRelease.lib(Color.obj) : warning LNK4099: '' PDB를 'ConsoleEngineRelease.lib(Color.obj)' 또는 ''에서 찾을 수 없습니다. 디버그 정보가 없는 것처럼 개체를 링크합니다.
ConsoleEngineRelease.lib(SceneManager.obj) : warning LNK4099: '' PDB를 'ConsoleEngineRelease.lib(SceneManager.obj)' 또는 ''에서 찾을 수 없습니다. 디버그 정보가 없는 것처럼 개체를 링크합니다.
ConsoleEngineRelease.lib(Scene.obj) : warning LNK4099: '' PDB를 'ConsoleEngineRelease.lib(Scene.obj)' 또는 ''에서 찾을 수 없습니다. 디버그 정보가 없는 것처럼 개체를 링크합니다.
ConsoleEngineRelease.lib(Graphic.obj) : warning LNK4099: '' PDB를 'ConsoleEngineRelease.lib(Graphic.obj)' 또는 ''에서 찾을 수 없습니다. 디버그 정보가 없는 것처럼 개체를 링크합니다.
ConsoleEngineRelease.lib(Keyboard.obj) : warning LNK4099: '' PDB를 'ConsoleEngineRelease.lib(Keyboard.obj)' 또는 ''에서 찾을 수 없습니다. 디버그 정보가 없는 것처럼 개체를 링크합니다.
ConsoleEngineRelease.lib(GameObject.obj) : warning LNK4099: '' PDB를 'ConsoleEngineRelease.lib(GameObject.obj)' 또는 ''에서 찾을 수 없습니다. 디버그 정보가 없는 것처럼 개체를 링크합니다.
ConsoleEngineRelease.lib(Vector.obj) : warning LNK4099: '' PDB를 'ConsoleEngineRelease.lib(Vector.obj)' 또는 ''에서 찾을 수 없습니다. 디버그 정보가 없는 것처럼 개체를 링크합니다.
ConsoleEngineRelease.lib(Component.obj) : warning LNK4099: '' PDB를 'ConsoleEngineRelease.lib(Component.obj)' 또는 ''에서 찾을 수 없습니다. 디버그 정보가 없는 것처럼 개체를 링크합니다.
ConsoleEngineRelease.lib(Time.obj) : warning LNK4099: '' PDB를 'ConsoleEngineRelease.lib(Time.obj)' 또는 ''에서 찾을 수 없습니다. 디버그 정보가 없는 것처럼 개체를 링크합니다.
ConsoleEngineRelease.lib(ConsoleEngine.obj) : warning LNK4099: '' PDB를 'ConsoleEngineRelease.lib(ConsoleEngine.obj)' 또는 ''에서 찾을 수 없습니다. 디버그 정보가 없는 것처럼 개체를 링크합니다.
ConsoleEngineRelease.lib(Debug.obj) : warning LNK4099: '' PDB를 'ConsoleEngineRelease.lib(Debug.obj)' 또는 ''에서 찾을 수 없습니다. 디버그 정보가 없는 것처럼 개체를 링크합니다.
ConsoleEngineRelease.lib(GameObjects.obj) : warning LNK4099: '' PDB를 'ConsoleEngineRelease.lib(GameObjects.obj)' 또는 ''에서 찾을 수 없습니다. 디버그 정보가 없는 것처럼 개체를 링크합니다.
ConsoleEngineRelease.lib(Matrix.obj) : warning LNK4099: '' PDB를 'ConsoleEngineRelease.lib(Matrix.obj)' 또는 ''에서 찾을 수 없습니다. 디버그 정보가 없는 것처럼 개체를 링크합니다.
ConsoleEngineRelease.lib(Math.obj) : warning LNK4099: '' PDB를 'ConsoleEngineRelease.lib(Math.obj)' 또는 ''에서 찾을 수 없습니다. 디버그 정보가 없는 것처럼 개체를 링크합니다.
ConsoleEngineRelease.lib(Sprite.obj) : warning LNK4099: '' PDB를 'ConsoleEngineRelease.lib(Sprite.obj)' 또는 ''에서 찾을 수 없습니다. 디버그 정보가 없는 것처럼 개체를 링크합니다.
  StackQueueChar.vcxproj -> C:\Users\My\Documents\GIthub Projects\StackAndQueue\Release\StackAndQueue!.exe
