f:\github project\stackandqueue\stackqueuechar\release\vc143.pdb
f:\github project\stackandqueue\stackqueuechar\release\scenes.obj
f:\github project\stackandqueue\stackqueuechar\release\main.obj
f:\github project\stackandqueue\stackqueuechar\release\gameobjects.obj
f:\github project\stackandqueue\stackqueuechar\release\components.obj
f:\github project\stackandqueue\release\stackandqueue!.exe
f:\github project\stackandqueue\stackqueuechar\release\stackandqueue!.ipdb
f:\github project\stackandqueue\stackqueuechar\release\stackandqueue!.iobj
f:\github project\stackandqueue\release\stackandqueue!.pdb
c:\users\my\documents\github projects\stackandqueue\stackqueuechar\release\components.obj
c:\users\my\documents\github projects\stackandqueue\stackqueuechar\release\gameobjects.obj
c:\users\my\documents\github projects\stackandqueue\stackqueuechar\release\main.obj
c:\users\my\documents\github projects\stackandqueue\stackqueuechar\release\scenes.obj
c:\users\my\documents\github projects\stackandqueue\stackqueuechar\release\stackandqueue!.ipdb
c:\users\my\documents\github projects\stackandqueue\stackqueuechar\release\stackandqueue!.iobj
c:\users\my\documents\github projects\stackandqueue\stackqueuechar\release\vc143.pdb
c:\users\my\documents\github projects\stackandqueue\release\stackandqueue!.pdb
c:\users\my\documents\github projects\stackandqueue\release\stackandqueue!.exe
c:\users\my\documents\github projects\stackandqueue\stackqueuechar\release\stackandqueue!.tlog\cl.command.1.tlog
c:\users\my\documents\github projects\stackandqueue\stackqueuechar\release\stackandqueue!.tlog\cl.read.1.tlog
c:\users\my\documents\github projects\stackandqueue\stackqueuechar\release\stackandqueue!.tlog\cl.write.1.tlog
c:\users\my\documents\github projects\stackandqueue\stackqueuechar\release\stackandqueue!.tlog\link.command.1.tlog
c:\users\my\documents\github projects\stackandqueue\stackqueuechar\release\stackandqueue!.tlog\link.read.1.tlog
c:\users\my\documents\github projects\stackandqueue\stackqueuechar\release\stackandqueue!.tlog\link.write.1.tlog
